/usr/local/opt/ruby/bin/ruby
/usr/local/opt/ruby/bin/
INFO  WEBrick 1.4.2
INFO  ruby 2.6.3 (2019-04-16) [universal.x86_64-darwin20]
......................+++
.................................................................................................+++
INFO  
Certificate:
    Data:
        Version: 3 (0x2)
        Serial Number: 1 (0x1)
    Signature Algorithm: sha256WithRSAEncryption
        Issuer: CN=localhost
        Validity
            Not Before: Feb 16 22:06:10 2021 GMT
            Not After : Feb 16 22:06:10 2022 GMT
        Subject: CN=localhost
        Subject Public Key Info:
            Public Key Algorithm: rsaEncryption
                Public-Key: (2048 bit)
                Modulus:
                    00:d5:43:f5:cb:e2:5c:b6:e0:1f:c5:17:de:09:0c:
                    75:e0:31:e5:f1:69:16:40:a6:a4:e3:9d:96:5f:14:
                    ac:e2:86:9c:e9:b7:af:71:5a:40:2f:aa:ee:20:fa:
                    fa:96:84:79:fb:a1:c5:81:1d:64:70:93:c0:b5:f7:
                    c5:6b:81:fb:2d:e4:91:89:16:18:4c:f2:05:84:82:
                    35:46:3f:e9:3e:d6:03:76:3b:ac:71:5b:fc:b7:f4:
                    d7:bc:6b:21:2b:37:df:59:b5:54:92:52:cd:87:d2:
                    f7:fb:37:a5:68:88:bb:a9:6f:59:d6:41:be:9e:62:
                    35:e6:bc:a4:53:98:a0:78:28:1a:06:55:e6:4f:c1:
                    3c:78:94:3d:2c:94:bd:0d:a3:8d:a6:93:42:e1:3b:
                    7f:55:17:8c:65:5d:87:6c:ea:93:56:e8:ee:10:11:
                    94:db:95:1d:19:db:9e:be:21:92:91:0c:fd:ad:30:
                    34:ca:39:a7:3d:24:6b:05:d8:a6:9d:be:cf:3b:07:
                    71:74:55:7b:74:4d:98:75:b3:11:85:7e:e6:42:2e:
                    f6:ed:84:54:7c:28:c0:53:39:d5:0d:a9:f7:76:6e:
                    97:91:d9:7a:74:4e:95:47:33:d5:7b:ab:a3:46:70:
                    4c:05:ac:eb:33:a1:1d:d1:fc:e3:e8:94:ff:03:2c:
                    f6:ef
                Exponent: 65537 (0x10001)
        X509v3 extensions:
            X509v3 Basic Constraints: 
                CA:FALSE
            X509v3 Key Usage: 
                Key Encipherment
            X509v3 Subject Key Identifier: 
                FF:90:0A:3A:0F:8A:14:DE:64:92:AE:D2:99:A3:00:CB:7C:66:2F:57
            X509v3 Extended Key Usage: 
                TLS Web Server Authentication
            Netscape Comment: 
                Generated by Ruby/OpenSSL
            X509v3 Authority Key Identifier: 
                keyid:FF:90:0A:3A:0F:8A:14:DE:64:92:AE:D2:99:A3:00:CB:7C:66:2F:57
                DirName:/CN=localhost
                serial:01

    Signature Algorithm: sha256WithRSAEncryption
         05:eb:a2:2e:83:dd:38:92:81:90:55:97:0c:ea:9d:f6:76:92:
         c8:99:20:36:39:86:40:a7:53:8c:3f:2d:c0:9c:3f:04:5e:ba:
         04:fa:40:4d:44:95:09:c6:f2:3e:6b:d8:1a:a4:0a:72:44:95:
         81:14:ff:5e:cc:40:ae:56:0c:da:be:9b:d2:2a:a8:18:f2:b9:
         58:95:ad:bc:dc:b1:50:6b:85:3e:ac:b5:37:42:de:65:77:70:
         dd:2f:10:46:94:be:e0:e1:3c:f4:07:32:71:54:d5:46:ca:ba:
         67:37:4c:c3:c2:be:c2:58:d6:a4:85:f6:48:9f:97:79:32:61:
         9a:6e:53:68:42:7f:0b:4c:39:c2:db:3e:e5:da:2c:22:2c:93:
         9c:b9:a7:61:de:7b:13:b8:ee:fe:0e:90:34:93:3f:4d:17:d6:
         fb:db:b4:39:b1:95:6d:c0:76:2f:ac:ea:65:4b:ea:9d:e0:46:
         2a:5b:9b:53:9a:ea:d5:5f:d4:b6:aa:53:a1:de:68:c0:1b:39:
         d1:1c:e2:e5:59:89:9d:f2:63:7e:57:d1:26:46:3f:00:85:83:
         19:44:7c:7f:db:82:ea:7c:8c:ca:48:6c:df:c6:0f:7b:48:54:
         8b:ff:8f:a9:06:7e:10:b3:f4:35:62:6a:f7:5a:57:68:1b:98:
         89:3d:16:53
INFO  WEBrick::HTTPServer#start: pid=72679 port=1234
INFO  going to shutdown ...
INFO  WEBrick::HTTPServer#start done.
