I, [2021-02-16T23:06:29.301789 #72679]  INFO -- : Cleared interactions
I, [2021-02-16T23:06:29.349720 #72679]  INFO -- : Registered expected interaction GET /sayHello
D, [2021-02-16T23:06:29.352053 #72679] DEBUG -- : {
  "description": "A request from api request",
  "request": {
    "method": "get",
    "path": "/sayHello"
  },
  "response": {
    "status": 200,
    "headers": {
      "Content-Type": "application/json"
    },
    "body": {
      "reply": "Hello"
    }
  },
  "metadata": null
}
I, [2021-02-16T23:06:29.369529 #72679]  INFO -- : Received request GET /sayHello
D, [2021-02-16T23:06:29.370311 #72679] DEBUG -- : {
  "path": "/sayHello",
  "query": "",
  "method": "get",
  "headers": {
    "Host": "127.0.0.1:1234",
    "Accept": "*/*",
    "Accept-Language": "en-us",
    "Connection": "keep-alive",
    "Accept-Encoding": "gzip, deflate, br",
    "User-Agent": "PactConsumerSwiftExample/1 CFNetwork/1220.1 Darwin/20.3.0",
    "Https": "on",
    "Version": "HTTP/1.1"
  }
}
I, [2021-02-16T23:06:29.371447 #72679]  INFO -- : Found matching response for GET /sayHello
D, [2021-02-16T23:06:29.371906 #72679] DEBUG -- : {
  "status": 200,
  "headers": {
    "Content-Type": "application/json"
  },
  "body": {
    "reply": "Hello"
  }
}
I, [2021-02-16T23:06:29.379695 #72679]  INFO -- : Verifying - interactions matched
I, [2021-02-16T23:06:29.384818 #72679]  INFO -- : Writing pact for Api Provider to /Users/carlosfernandez/Documents/GitHub/PactConsumerSwiftExample/PactConsumerSwiftExample/tmp/pacts-ssl/api_consumer-api_provider.json
